2013/12/02 14:29:52 [error] [php] include(Mongo.php): failed to open stream: No such file or directory (C:\wamp\www\yii-1.1.14\framework\YiiBase.php:427)
Stack trace:
#0 C:\wamp\www\whosthatgamer\protected\extensions\YiiMongoDbSuite\EMongoDB.php(144): spl_autoload_call()
#1 C:\wamp\www\whosthatgamer\protected\extensions\YiiMongoDbSuite\EMongoDB.php(181): EMongoDB->getConnection()
#2 C:\wamp\www\whosthatgamer\protected\extensions\YiiMongoDbSuite\EMongoDocument.php(166): EMongoDB->getDbInstance()
#3 C:\wamp\www\whosthatgamer\protected\extensions\YiiMongoDbSuite\EMongoDocument.php(191): Account->getDb()
#4 C:\wamp\www\whosthatgamer\protected\extensions\YiiMongoDbSuite\EMongoDocument.php(390): Account->getCollection()
#5 C:\wamp\www\whosthatgamer\protected\extensions\YiiMongoDbSuite\EMongoDocument.php(97): Account->init()
#6 C:\wamp\www\whosthatgamer\protected\models\form\SignUpForm.php(25): Account->__construct()
#7 C:\wamp\www\whosthatgamer\protected\controllers\PublicController.php(37): SignUpForm->save()
#8 C:\wamp\www\yii-1.1.14\framework\web\actions\CInlineAction.php(49): PublicController->actionSignup()
#9 C:\wamp\www\yii-1.1.14\framework\web\CController.php(308): CInlineAction->runWithParams()
#10 C:\wamp\www\yii-1.1.14\framework\web\CController.php(286): PublicController->runAction()
#11 C:\wamp\www\yii-1.1.14\framework\web\CController.php(265): PublicController->runActionWithFilters()
#12 C:\wamp\www\yii-1.1.14\framework\web\CWebApplication.php(282): PublicController->run()
#13 C:\wamp\www\yii-1.1.14\framework\web\CWebApplication.php(141): CWebApplication->runController()
#14 C:\wamp\www\yii-1.1.14\framework\base\CApplication.php(180): CWebApplication->processRequest()
#15 C:\wamp\www\whosthatgamer\index.php(13): CWebApplication->run()
REQUEST_URI=/public/signup
in C:\wamp\www\whosthatgamer\protected\extensions\YiiMongoDbSuite\EMongoDB.php (144)
in C:\wamp\www\whosthatgamer\protected\extensions\YiiMongoDbSuite\EMongoDB.php (181)
in C:\wamp\www\whosthatgamer\protected\extensions\YiiMongoDbSuite\EMongoDocument.php (166)
